Copyright 1986-2015 Xilinx, Inc. All Rights Reserved.
-----------------------------------------------------------------------------------------------------------------
| Tool Version     : Vivado v.2015.3 (win64) Build 1368829 Mon Sep 28 20:06:43 MDT 2015
| Date             : Tue Nov 03 18:47:20 2015
| Host             : MSI running 64-bit major release  (build 9200)
| Command          : report_power -file SCOPE_TOP_power_routed.rpt -pb SCOPE_TOP_power_summary_routed.pb
| Design           : SCOPE_TOP
| Device           : xc7a35tcpg236-3
| Design State     : routed
| Grade            : extended
| Process          : typical
| Characterization : Production
-----------------------------------------------------------------------------------------------------------------

Power Report

Table of Contents
-----------------
1. Summary
1.1 On-Chip Components
1.2 Power Supply Summary
1.3 Confidence Level
2. Settings
2.1 Environment
2.2 Clock Constraints
3. Detailed Reports
3.1 By Hierarchy

1. Summary
----------

+--------------------------+-------+
| Total On-Chip Power (W)  | 0.486 |
| Dynamic (W)              | 0.413 |
| Device Static (W)        | 0.073 |
| Effective TJA (C/W)      | 5.0   |
| Max Ambient (C)          | 97.6  |
| Junction Temperature (C) | 27.4  |
| Confidence Level         | Low   |
| Setting File             | ---   |
| Simulation Activity File | ---   |
| Design Nets Matched      | NA    |
+--------------------------+-------+


1.1 On-Chip Components
----------------------

+----------------+-----------+----------+-----------+-----------------+
| On-Chip        | Power (W) | Used     | Available | Utilization (%) |
+----------------+-----------+----------+-----------+-----------------+
| Clocks         |     0.013 |        5 |       --- |             --- |
| Slice Logic    |     0.110 |    51945 |       --- |             --- |
|   LUT as Logic |     0.097 |    17641 |     20800 |           84.81 |
|   F7/F8 Muxes  |     0.011 |    10088 |     32600 |           30.94 |
|   CARRY4       |     0.001 |      307 |      8150 |            3.77 |
|   Register     |    <0.001 |    21020 |     41600 |           50.53 |
|   Others       |     0.000 |       55 |       --- |             --- |
|   BUFG         |     0.000 |        1 |        32 |            3.13 |
| Signals        |     0.159 |    31193 |       --- |             --- |
| MMCM           |     0.123 |        1 |         5 |           20.00 |
| I/O            |     0.006 |       43 |       106 |           40.57 |
| XADC           |     0.002 |        1 |       --- |             --- |
| Static Power   |     0.073 |          |           |                 |
| Total          |     0.486 |          |           |                 |
+----------------+-----------+----------+-----------+-----------------+


1.2 Power Supply Summary
------------------------

+-----------+-------------+-----------+-------------+------------+
| Source    | Voltage (V) | Total (A) | Dynamic (A) | Static (A) |
+-----------+-------------+-----------+-------------+------------+
| Vccint    |       1.000 |     0.294 |       0.283 |      0.010 |
| Vccaux    |       1.800 |     0.081 |       0.068 |      0.013 |
| Vcco33    |       3.300 |     0.003 |       0.002 |      0.001 |
| Vcco25    |       2.500 |     0.000 |       0.000 |      0.000 |
| Vcco18    |       1.800 |     0.000 |       0.000 |      0.000 |
| Vcco15    |       1.500 |     0.000 |       0.000 |      0.000 |
| Vcco135   |       1.350 |     0.000 |       0.000 |      0.000 |
| Vcco12    |       1.200 |     0.000 |       0.000 |      0.000 |
| Vccaux_io |       1.800 |     0.000 |       0.000 |      0.000 |
| Vccbram   |       1.000 |     0.000 |       0.000 |      0.000 |
| MGTAVcc   |       1.000 |     0.000 |       0.000 |      0.000 |
| MGTAVtt   |       1.200 |     0.000 |       0.000 |      0.000 |
| Vccadc    |       1.800 |     0.021 |       0.001 |      0.020 |
+-----------+-------------+-----------+-------------+------------+


1.3 Confidence Level
--------------------

+-----------------------------+------------+--------------------------------------------------------+--------------------------------------------------------------------------------------------------------------------+
| User Input Data             | Confidence | Details                                                | Action                                                                                                             |
+-----------------------------+------------+--------------------------------------------------------+--------------------------------------------------------------------------------------------------------------------+
| Design implementation state | High       | Design is routed                                       |                                                                                                                    |
| Clock nodes activity        | Low        | User specified less than 75% of clocks                 | Provide missing clock activity with a constraint file, simulation results or by editing the "By Clock Domain" view |
| I/O nodes activity          | Low        | More than 75% of inputs are missing user specification | Provide missing input activity with simulation results or by editing the "By Resource Type -> I/Os" view           |
| Internal nodes activity     | Medium     | User specified less than 25% of internal nodes         | Provide missing internal nodes activity with simulation results or by editing the "By Resource Type" views         |
| Device models               | High       | Device models are Production                           |                                                                                                                    |
|                             |            |                                                        |                                                                                                                    |
| Overall confidence level    | Low        |                                                        |                                                                                                                    |
+-----------------------------+------------+--------------------------------------------------------+--------------------------------------------------------------------------------------------------------------------+


2. Settings
-----------

2.1 Environment
---------------

+-----------------------+--------------------------+
| Ambient Temp (C)      | 25.0                     |
| ThetaJA (C/W)         | 5.0                      |
| Airflow (LFM)         | 250                      |
| Heat Sink             | medium (Medium Profile)  |
| ThetaSA (C/W)         | 4.6                      |
| Board Selection       | medium (10"x10")         |
| # of Board Layers     | 12to15 (12 to 15 Layers) |
| Board Temperature (C) | 25.0                     |
+-----------------------+--------------------------+


2.2 Clock Constraints
---------------------

+--------------------+---------------------------------------------+-----------------+
| Clock              | Domain                                      | Constraint (ns) |
+--------------------+---------------------------------------------+-----------------+
| clk_out1_clk_wiz_0 | PIXEL_CLOCK_GENERATOR/U0/clk_out1_clk_wiz_0 |             9.3 |
| clkfbout_clk_wiz_0 | PIXEL_CLOCK_GENERATOR/U0/clkfbout_clk_wiz_0 |            10.0 |
| sys_clk_pin        | CLK                                         |            10.0 |
+--------------------+---------------------------------------------+-----------------+


3. Detailed Reports
-------------------

3.1 By Hierarchy
----------------

+-------------------------+-----------+
| Name                    | Power (W) |
+-------------------------+-----------+
| SCOPE_TOP               |     0.413 |
|   BTNC_DEBOUNCER        |    <0.001 |
|   BTND_DEBOUNCER        |     0.001 |
|   BTNL_DEBOUNCER        |    <0.001 |
|   BTNR_DEBOUNCER        |    <0.001 |
|   BTNU_DEBOUNCER        |     0.058 |
|   FSM1                  |    <0.001 |
|   GEN_CLK_SUBSAMPLE     |    <0.001 |
|   PIXEL_CLOCK_GENERATOR |     0.124 |
|     U0                  |     0.124 |
|   SAMPLER               |     0.002 |
|     XLXI_7              |     0.002 |
|   VGA_CONTROLLER        |     0.128 |
|   digit4                |    <0.001 |
|   digit5                |     0.000 |
|   digit6                |     0.000 |
|   digit7                |     0.000 |
|   digit8                |    <0.001 |
|   digit9                |     0.000 |
|   digitA                |     0.000 |
|   digitB                |     0.000 |
|   digitC                |     0.000 |
|   digitD                |     0.000 |
|   digitE                |     0.000 |
|   digitF                |     0.000 |
|   digitG                |     0.000 |
|   digitH                |     0.000 |
|   digitI                |     0.000 |
+-------------------------+-----------+


